<?xml version="1.0" encoding="UTF-8" standalone="no"?>
<!DOCTYPE log SYSTEM "logger.dtd">
<log>
<record>
  <date>2014-12-09T15:13:01</date>
  <millis>1418166781916</millis>
  <sequence>0</sequence>
  <logger>DBAccessUpdateLogger</logger>
  <level>INFO</level>
  <class>com.mrm.db.DataProvider</class>
  <method>getCreditCardData</method>
  <thread>1</thread>
  <message>Credit Card Data retrieved</message>
</record>
<record>
  <date>2014-12-09T15:13:01</date>
  <millis>1418166781926</millis>
  <sequence>1</sequence>
  <logger>DBAccessUpdateLogger</logger>
  <level>INFO</level>
  <class>com.mrm.db.DataProvider</class>
  <method>getMovieData</method>
  <thread>1</thread>
  <message>Movie Data retrieved</message>
</record>
<record>
  <date>2014-12-09T15:13:01</date>
  <millis>1418166781980</millis>
  <sequence>2</sequence>
  <logger>DBAccessUpdateLogger</logger>
  <level>INFO</level>
  <class>com.mrm.db.DataProvider</class>
  <method>getCreditCardData</method>
  <thread>1</thread>
  <message>Credit Card Data retrieved</message>
</record>
<record>
  <date>2014-12-09T15:13:01</date>
  <millis>1418166781984</millis>
  <sequence>3</sequence>
  <logger>DBAccessUpdateLogger</logger>
  <level>INFO</level>
  <class>com.mrm.db.DataProvider</class>
  <method>getMovieData</method>
  <thread>1</thread>
  <message>Movie Data retrieved</message>
</record>
<record>
  <date>2014-12-09T15:13:16</date>
  <millis>1418166796961</millis>
  <sequence>5</sequence>
  <logger>DBAccessUpdateLogger</logger>
  <level>INFO</level>
  <class>com.mrm.db.DataProvider</class>
  <method>getMovieData</method>
  <thread>16</thread>
  <message>Movie Data retrieved</message>
</record>
<record>
  <date>2014-12-09T15:13:17</date>
  <millis>1418166797007</millis>
  <sequence>8</sequence>
  <logger>DBAccessUpdateLogger</logger>
  <level>INFO</level>
  <class>com.mrm.db.DataProvider</class>
  <method>getMovieData</method>
  <thread>16</thread>
  <message>Movie Data retrieved</message>
</record>
<record>
  <date>2014-12-09T15:13:21</date>
  <millis>1418166801726</millis>
  <sequence>12</sequence>
  <logger>DBAccessUpdateLogger</logger>
  <level>INFO</level>
  <class>com.mrm.db.DataProvider</class>
  <method>updateTransactions</method>
  <thread>16</thread>
  <message>Transaction details updated</message>
</record>
<record>
  <date>2014-12-09T15:13:29</date>
  <millis>1418166809852</millis>
  <sequence>14</sequence>
  <logger>DBAccessUpdateLogger</logger>
  <level>INFO</level>
  <class>com.mrm.db.DataProvider</class>
  <method>getCreditCardData</method>
  <thread>16</thread>
  <message>Credit Card Data retrieved</message>
</record>
<record>
  <date>2014-12-09T15:13:29</date>
  <millis>1418166809854</millis>
  <sequence>15</sequence>
  <logger>DBAccessUpdateLogger</logger>
  <level>INFO</level>
  <class>com.mrm.db.DataProvider</class>
  <method>getMovieData</method>
  <thread>16</thread>
  <message>Movie Data retrieved</message>
</record>
<record>
  <date>2014-12-09T15:13:29</date>
  <millis>1418166809864</millis>
  <sequence>16</sequence>
  <logger>DBAccessUpdateLogger</logger>
  <level>INFO</level>
  <class>com.mrm.db.DataProvider</class>
  <method>getCreditCardData</method>
  <thread>16</thread>
  <message>Credit Card Data retrieved</message>
</record>
<record>
  <date>2014-12-09T15:13:29</date>
  <millis>1418166809866</millis>
  <sequence>17</sequence>
  <logger>DBAccessUpdateLogger</logger>
  <level>INFO</level>
  <class>com.mrm.db.DataProvider</class>
  <method>getMovieData</method>
  <thread>16</thread>
  <message>Movie Data retrieved</message>
</record>
</log>
<?xml version="1.0" encoding="UTF-8" standalone="no"?>
<!DOCTYPE log SYSTEM "logger.dtd">
<log>
<record>
  <date>2014-12-09T15:15:20</date>
  <millis>1418166920550</millis>
  <sequence>0</sequence>
  <logger>DBAccessUpdateLogger</logger>
  <level>SEVERE</level>
  <class>com.mrm.db.DataProvider</class>
  <method>getCreditCardData</method>
  <thread>1</thread>
  <message>Exception Occured</message>
  <exception>
    <message>java.io.FileNotFoundException: C:\Users\RaghuNandan\Documents\NetBeansProjects\MovieRentalMachine\.\CreditCardData.xml (The system cannot find the file specified)</message>
    <frame>
      <class>java.io.FileInputStream</class>
      <method>open</method>
    </frame>
    <frame>
      <class>java.io.FileInputStream</class>
      <method>&lt;init&gt;</method>
      <line>131</line>
    </frame>
    <frame>
      <class>java.io.FileInputStream</class>
      <method>&lt;init&gt;</method>
      <line>87</line>
    </frame>
    <frame>
      <class>sun.net.www.protocol.file.FileURLConnection</class>
      <method>connect</method>
      <line>90</line>
    </frame>
    <frame>
      <class>sun.net.www.protocol.file.FileURLConnection</class>
      <method>getInputStream</method>
      <line>188</line>
    </frame>
    <frame>
      <class>com.sun.org.apache.xerces.internal.impl.XMLEntityManager</class>
      <method>setupCurrentEntity</method>
      <line>616</line>
    </frame>
    <frame>
      <class>com.sun.org.apache.xerces.internal.impl.XMLVersionDetector</class>
      <method>determineDocVersion</method>
      <line>189</line>
    </frame>
    <frame>
      <class>com.sun.org.apache.xerces.internal.parsers.XML11Configuration</class>
      <method>parse</method>
      <line>812</line>
    </frame>
    <frame>
      <class>com.sun.org.apache.xerces.internal.parsers.XML11Configuration</class>
      <method>parse</method>
      <line>777</line>
    </frame>
    <frame>
      <class>com.sun.org.apache.xerces.internal.parsers.XMLParser</class>
      <method>parse</method>
      <line>141</line>
    </frame>
    <frame>
      <class>com.sun.org.apache.xerces.internal.parsers.DOMParser</class>
      <method>parse</method>
      <line>243</line>
    </frame>
    <frame>
      <class>com.sun.org.apache.xerces.internal.jaxp.DocumentBuilderImpl</class>
      <method>parse</method>
      <line>348</line>
    </frame>
    <frame>
      <class>javax.xml.parsers.DocumentBuilder</class>
      <method>parse</method>
      <line>205</line>
    </frame>
    <frame>
      <class>com.mrm.db.DataProvider</class>
      <method>getCreditCardData</method>
      <line>102</line>
    </frame>
    <frame>
      <class>com.mrm.handler.TransactionHandler</class>
      <method>&lt;init&gt;</method>
      <line>52</line>
    </frame>
    <frame>
      <class>com.mrm.uix.RentalMachineTopPanel</class>
      <method>&lt;init&gt;</method>
      <line>56</line>
    </frame>
    <frame>
      <class>com.mrm.uix.RentalMachineGUI</class>
      <method>&lt;init&gt;</method>
      <line>38</line>
    </frame>
    <frame>
      <class>com.mrm.uix.RentalMachineGUI</class>
      <method>main</method>
      <line>62</line>
    </frame>
  </exception>
</record>
<record>
  <date>2014-12-09T15:15:20</date>
  <millis>1418166920558</millis>
  <sequence>1</sequence>
  <logger>DBAccessUpdateLogger</logger>
  <level>SEVERE</level>
  <class>com.mrm.db.DataProvider</class>
  <method>getMovieData</method>
  <thread>1</thread>
  <message>Exception Occured</message>
  <exception>
    <message>java.io.FileNotFoundException: C:\Users\RaghuNandan\Documents\NetBeansProjects\MovieRentalMachine\.\MovieData.xml (The system cannot find the file specified)</message>
    <frame>
      <class>java.io.FileInputStream</class>
      <method>open</method>
    </frame>
    <frame>
      <class>java.io.FileInputStream</class>
      <method>&lt;init&gt;</method>
      <line>131</line>
    </frame>
    <frame>
      <class>java.io.FileInputStream</class>
      <method>&lt;init&gt;</method>
      <line>87</line>
    </frame>
    <frame>
      <class>sun.net.www.protocol.file.FileURLConnection</class>
      <method>connect</method>
      <line>90</line>
    </frame>
    <frame>
      <class>sun.net.www.protocol.file.FileURLConnection</class>
      <method>getInputStream</method>
      <line>188</line>
    </frame>
    <frame>
      <class>com.sun.org.apache.xerces.internal.impl.XMLEntityManager</class>
      <method>setupCurrentEntity</method>
      <line>616</line>
    </frame>
    <frame>
      <class>com.sun.org.apache.xerces.internal.impl.XMLVersionDetector</class>
      <method>determineDocVersion</method>
      <line>189</line>
    </frame>
    <frame>
      <class>com.sun.org.apache.xerces.internal.parsers.XML11Configuration</class>
      <method>parse</method>
      <line>812</line>
    </frame>
    <frame>
      <class>com.sun.org.apache.xerces.internal.parsers.XML11Configuration</class>
      <method>parse</method>
      <line>777</line>
    </frame>
    <frame>
      <class>com.sun.org.apache.xerces.internal.parsers.XMLParser</class>
      <method>parse</method>
      <line>141</line>
    </frame>
    <frame>
      <class>com.sun.org.apache.xerces.internal.parsers.DOMParser</class>
      <method>parse</method>
      <line>243</line>
    </frame>
    <frame>
      <class>com.sun.org.apache.xerces.internal.jaxp.DocumentBuilderImpl</class>
      <method>parse</method>
      <line>348</line>
    </frame>
    <frame>
      <class>javax.xml.parsers.DocumentBuilder</class>
      <method>parse</method>
      <line>205</line>
    </frame>
    <frame>
      <class>com.mrm.db.DataProvider</class>
      <method>getMovieData</method>
      <line>131</line>
    </frame>
    <frame>
      <class>com.mrm.handler.TransactionHandler</class>
      <method>&lt;init&gt;</method>
      <line>53</line>
    </frame>
    <frame>
      <class>com.mrm.uix.RentalMachineTopPanel</class>
      <method>&lt;init&gt;</method>
      <line>56</line>
    </frame>
    <frame>
      <class>com.mrm.uix.RentalMachineGUI</class>
      <method>&lt;init&gt;</method>
      <line>38</line>
    </frame>
    <frame>
      <class>com.mrm.uix.RentalMachineGUI</class>
      <method>main</method>
      <line>62</line>
    </frame>
  </exception>
</record>
<record>
  <date>2014-12-09T15:15:20</date>
  <millis>1418166920851</millis>
  <sequence>2</sequence>
  <logger>DBAccessUpdateLogger</logger>
  <level>INFO</level>
  <class>com.mrm.db.DataProvider</class>
  <method>getTransactionData</method>
  <thread>1</thread>
  <message>Transaction details retreived</message>
  <exception>
    <message>java.io.FileNotFoundException: C:\Users\RaghuNandan\Documents\NetBeansProjects\MovieRentalMachine\.\Transactions.xml (The system cannot find the file specified)</message>
    <frame>
      <class>java.io.FileInputStream</class>
      <method>open</method>
    </frame>
    <frame>
      <class>java.io.FileInputStream</class>
      <method>&lt;init&gt;</method>
      <line>131</line>
    </frame>
    <frame>
      <class>java.io.FileInputStream</class>
      <method>&lt;init&gt;</method>
      <line>87</line>
    </frame>
    <frame>
      <class>sun.net.www.protocol.file.FileURLConnection</class>
      <method>connect</method>
      <line>90</line>
    </frame>
    <frame>
      <class>sun.net.www.protocol.file.FileURLConnection</class>
      <method>getInputStream</method>
      <line>188</line>
    </frame>
    <frame>
      <class>com.sun.org.apache.xerces.internal.impl.XMLEntityManager</class>
      <method>setupCurrentEntity</method>
      <line>616</line>
    </frame>
    <frame>
      <class>com.sun.org.apache.xerces.internal.impl.XMLVersionDetector</class>
      <method>determineDocVersion</method>
      <line>189</line>
    </frame>
    <frame>
      <class>com.sun.org.apache.xerces.internal.parsers.XML11Configuration</class>
      <method>parse</method>
      <line>812</line>
    </frame>
    <frame>
      <class>com.sun.org.apache.xerces.internal.parsers.XML11Configuration</class>
      <method>parse</method>
      <line>777</line>
    </frame>
    <frame>
      <class>com.sun.org.apache.xerces.internal.parsers.XMLParser</class>
      <method>parse</method>
      <line>141</line>
    </frame>
    <frame>
      <class>com.sun.org.apache.xerces.internal.parsers.DOMParser</class>
      <method>parse</method>
      <line>243</line>
    </frame>
    <frame>
      <class>com.sun.org.apache.xerces.internal.jaxp.DocumentBuilderImpl</class>
      <method>parse</method>
      <line>348</line>
    </frame>
    <frame>
      <class>javax.xml.parsers.DocumentBuilder</class>
      <method>parse</method>
      <line>205</line>
    </frame>
    <frame>
      <class>com.mrm.db.DataProvider</class>
      <method>getTransactionData</method>
      <line>276</line>
    </frame>
    <frame>
      <class>com.mrm.handler.TransactionHandler</class>
      <method>&lt;init&gt;</method>
      <line>54</line>
    </frame>
    <frame>
      <class>com.mrm.uix.RentalMachineTopPanel</class>
      <method>&lt;init&gt;</method>
      <line>56</line>
    </frame>
    <frame>
      <class>com.mrm.uix.RentalMachineGUI</class>
      <method>&lt;init&gt;</method>
      <line>38</line>
    </frame>
    <frame>
      <class>com.mrm.uix.RentalMachineGUI</class>
      <method>main</method>
      <line>62</line>
    </frame>
  </exception>
</record>
<record>
  <date>2014-12-09T15:15:20</date>
  <millis>1418166920898</millis>
  <sequence>3</sequence>
  <logger>DBAccessUpdateLogger</logger>
  <level>SEVERE</level>
  <class>com.mrm.db.DataProvider</class>
  <method>getCreditCardData</method>
  <thread>1</thread>
  <message>Exception Occured</message>
  <exception>
    <message>java.io.FileNotFoundException: C:\Users\RaghuNandan\Documents\NetBeansProjects\MovieRentalMachine\.\CreditCardData.xml (The system cannot find the file specified)</message>
    <frame>
      <class>java.io.FileInputStream</class>
      <method>open</method>
    </frame>
    <frame>
      <class>java.io.FileInputStream</class>
      <method>&lt;init&gt;</method>
      <line>131</line>
    </frame>
    <frame>
      <class>java.io.FileInputStream</class>
      <method>&lt;init&gt;</method>
      <line>87</line>
    </frame>
    <frame>
      <class>sun.net.www.protocol.file.FileURLConnection</class>
      <method>connect</method>
      <line>90</line>
    </frame>
    <frame>
      <class>sun.net.www.protocol.file.FileURLConnection</class>
      <method>getInputStream</method>
      <line>188</line>
    </frame>
    <frame>
      <class>com.sun.org.apache.xerces.internal.impl.XMLEntityManager</class>
      <method>setupCurrentEntity</method>
      <line>616</line>
    </frame>
    <frame>
      <class>com.sun.org.apache.xerces.internal.impl.XMLVersionDetector</class>
      <method>determineDocVersion</method>
      <line>189</line>
    </frame>
    <frame>
      <class>com.sun.org.apache.xerces.internal.parsers.XML11Configuration</class>
      <method>parse</method>
      <line>812</line>
    </frame>
    <frame>
      <class>com.sun.org.apache.xerces.internal.parsers.XML11Configuration</class>
      <method>parse</method>
      <line>777</line>
    </frame>
    <frame>
      <class>com.sun.org.apache.xerces.internal.parsers.XMLParser</class>
      <method>parse</method>
      <line>141</line>
    </frame>
    <frame>
      <class>com.sun.org.apache.xerces.internal.parsers.DOMParser</class>
      <method>parse</method>
      <line>243</line>
    </frame>
    <frame>
      <class>com.sun.org.apache.xerces.internal.jaxp.DocumentBuilderImpl</class>
      <method>parse</method>
      <line>348</line>
    </frame>
    <frame>
      <class>javax.xml.parsers.DocumentBuilder</class>
      <method>parse</method>
      <line>205</line>
    </frame>
    <frame>
      <class>com.mrm.db.DataProvider</class>
      <method>getCreditCardData</method>
      <line>102</line>
    </frame>
    <frame>
      <class>com.mrm.handler.TransactionHandler</class>
      <method>&lt;init&gt;</method>
      <line>52</line>
    </frame>
    <frame>
      <class>com.mrm.uix.RentalMachineGUI</class>
      <method>&lt;init&gt;</method>
      <line>39</line>
    </frame>
    <frame>
      <class>com.mrm.uix.RentalMachineGUI</class>
      <method>main</method>
      <line>62</line>
    </frame>
  </exception>
</record>
<record>
  <date>2014-12-09T15:15:20</date>
  <millis>1418166920900</millis>
  <sequence>4</sequence>
  <logger>DBAccessUpdateLogger</logger>
  <level>SEVERE</level>
  <class>com.mrm.db.DataProvider</class>
  <method>getMovieData</method>
  <thread>1</thread>
  <message>Exception Occured</message>
  <exception>
    <message>java.io.FileNotFoundException: C:\Users\RaghuNandan\Documents\NetBeansProjects\MovieRentalMachine\.\MovieData.xml (The system cannot find the file specified)</message>
    <frame>
      <class>java.io.FileInputStream</class>
      <method>open</method>
    </frame>
    <frame>
      <class>java.io.FileInputStream</class>
      <method>&lt;init&gt;</method>
      <line>131</line>
    </frame>
    <frame>
      <class>java.io.FileInputStream</class>
      <method>&lt;init&gt;</method>
      <line>87</line>
    </frame>
    <frame>
      <class>sun.net.www.protocol.file.FileURLConnection</class>
      <method>connect</method>
      <line>90</line>
    </frame>
    <frame>
      <class>sun.net.www.protocol.file.FileURLConnection</class>
      <method>getInputStream</method>
      <line>188</line>
    </frame>
    <frame>
      <class>com.sun.org.apache.xerces.internal.impl.XMLEntityManager</class>
      <method>setupCurrentEntity</method>
      <line>616</line>
    </frame>
    <frame>
      <class>com.sun.org.apache.xerces.internal.impl.XMLVersionDetector</class>
      <method>determineDocVersion</method>
      <line>189</line>
    </frame>
    <frame>
      <class>com.sun.org.apache.xerces.internal.parsers.XML11Configuration</class>
      <method>parse</method>
      <line>812</line>
    </frame>
    <frame>
      <class>com.sun.org.apache.xerces.internal.parsers.XML11Configuration</class>
      <method>parse</method>
      <line>777</line>
    </frame>
    <frame>
      <class>com.sun.org.apache.xerces.internal.parsers.XMLParser</class>
      <method>parse</method>
      <line>141</line>
    </frame>
    <frame>
      <class>com.sun.org.apache.xerces.internal.parsers.DOMParser</class>
      <method>parse</method>
      <line>243</line>
    </frame>
    <frame>
      <class>com.sun.org.apache.xerces.internal.jaxp.DocumentBuilderImpl</class>
      <method>parse</method>
      <line>348</line>
    </frame>
    <frame>
      <class>javax.xml.parsers.DocumentBuilder</class>
      <method>parse</method>
      <line>205</line>
    </frame>
    <frame>
      <class>com.mrm.db.DataProvider</class>
      <method>getMovieData</method>
      <line>131</line>
    </frame>
    <frame>
      <class>com.mrm.handler.TransactionHandler</class>
      <method>&lt;init&gt;</method>
      <line>53</line>
    </frame>
    <frame>
      <class>com.mrm.uix.RentalMachineGUI</class>
      <method>&lt;init&gt;</method>
      <line>39</line>
    </frame>
    <frame>
      <class>com.mrm.uix.RentalMachineGUI</class>
      <method>main</method>
      <line>62</line>
    </frame>
  </exception>
</record>
<record>
  <date>2014-12-09T15:15:20</date>
  <millis>1418166920905</millis>
  <sequence>5</sequence>
  <logger>DBAccessUpdateLogger</logger>
  <level>INFO</level>
  <class>com.mrm.db.DataProvider</class>
  <method>getTransactionData</method>
  <thread>1</thread>
  <message>Transaction details retreived</message>
  <exception>
    <message>java.io.FileNotFoundException: C:\Users\RaghuNandan\Documents\NetBeansProjects\MovieRentalMachine\.\Transactions.xml (The system cannot find the file specified)</message>
    <frame>
      <class>java.io.FileInputStream</class>
      <method>open</method>
    </frame>
    <frame>
      <class>java.io.FileInputStream</class>
      <method>&lt;init&gt;</method>
      <line>131</line>
    </frame>
    <frame>
      <class>java.io.FileInputStream</class>
      <method>&lt;init&gt;</method>
      <line>87</line>
    </frame>
    <frame>
      <class>sun.net.www.protocol.file.FileURLConnection</class>
      <method>connect</method>
      <line>90</line>
    </frame>
    <frame>
      <class>sun.net.www.protocol.file.FileURLConnection</class>
      <method>getInputStream</method>
      <line>188</line>
    </frame>
    <frame>
      <class>com.sun.org.apache.xerces.internal.impl.XMLEntityManager</class>
      <method>setupCurrentEntity</method>
      <line>616</line>
    </frame>
    <frame>
      <class>com.sun.org.apache.xerces.internal.impl.XMLVersionDetector</class>
      <method>determineDocVersion</method>
      <line>189</line>
    </frame>
    <frame>
      <class>com.sun.org.apache.xerces.internal.parsers.XML11Configuration</class>
      <method>parse</method>
      <line>812</line>
    </frame>
    <frame>
      <class>com.sun.org.apache.xerces.internal.parsers.XML11Configuration</class>
      <method>parse</method>
      <line>777</line>
    </frame>
    <frame>
      <class>com.sun.org.apache.xerces.internal.parsers.XMLParser</class>
      <method>parse</method>
      <line>141</line>
    </frame>
    <frame>
      <class>com.sun.org.apache.xerces.internal.parsers.DOMParser</class>
      <method>parse</method>
      <line>243</line>
    </frame>
    <frame>
      <class>com.sun.org.apache.xerces.internal.jaxp.DocumentBuilderImpl</class>
      <method>parse</method>
      <line>348</line>
    </frame>
    <frame>
      <class>javax.xml.parsers.DocumentBuilder</class>
      <method>parse</method>
      <line>205</line>
    </frame>
    <frame>
      <class>com.mrm.db.DataProvider</class>
      <method>getTransactionData</method>
      <line>276</line>
    </frame>
    <frame>
      <class>com.mrm.handler.TransactionHandler</class>
      <method>&lt;init&gt;</method>
      <line>54</line>
    </frame>
    <frame>
      <class>com.mrm.uix.RentalMachineGUI</class>
      <method>&lt;init&gt;</method>
      <line>39</line>
    </frame>
    <frame>
      <class>com.mrm.uix.RentalMachineGUI</class>
      <method>main</method>
      <line>62</line>
    </frame>
  </exception>
</record>
</log>
