Dec 05, 2014 2:33:19 PM com.mrm.handler.InventoryHandler getAllReservedMovies
INFO: Reserved movies data retrieved
Dec 05, 2014 2:40:09 PM com.mrm.handler.InventoryHandler getAllReservedMovies
INFO: Reserved movies data retrieved
Dec 05, 2014 2:46:25 PM com.mrm.handler.InventoryHandler getAllReservedMovies
INFO: Reserved movies data retrieved
Dec 05, 2014 2:55:15 PM com.mrm.handler.InventoryHandler getAllReservedMovies
INFO: Reserved movies data retrieved
Dec 05, 2014 2:55:19 PM com.mrm.handler.InventoryHandler getAllReservedMovies
INFO: Reserved movies data retrieved
Dec 05, 2014 2:55:27 PM com.mrm.handler.InventoryHandler getAllReservedMovies
INFO: Reserved movies data retrieved
Dec 05, 2014 2:56:09 PM com.mrm.handler.InventoryHandler getAllReservedMovies
INFO: Reserved movies data retrieved
Dec 05, 2014 2:56:13 PM com.mrm.handler.InventoryHandler getAllReservedMovies
INFO: Reserved movies data retrieved
Dec 05, 2014 2:59:34 PM com.mrm.handler.InventoryHandler getAllReservedMovies
INFO: Reserved movies data retrieved
Dec 05, 2014 2:59:45 PM com.mrm.handler.InventoryHandler getAllReservedMovies
INFO: Reserved movies data retrieved
Dec 05, 2014 3:02:43 PM com.mrm.handler.InventoryHandler getAllReservedMovies
INFO: Reserved movies data retrieved
Dec 05, 2014 3:02:56 PM com.mrm.handler.InventoryHandler getAllReservedMovies
INFO: Reserved movies data retrieved
Dec 05, 2014 3:11:32 PM com.mrm.handler.InventoryHandler getAllReservedMovies
INFO: Reserved movies data retrieved
Dec 05, 2014 3:13:20 PM com.mrm.handler.InventoryHandler getAllReservedMovies
INFO: Reserved movies data retrieved
Dec 05, 2014 3:27:40 PM com.mrm.handler.InventoryHandler getAllReservedMovies
INFO: Reserved movies data retrieved
Dec 05, 2014 3:28:16 PM com.mrm.handler.InventoryHandler getAllReservedMovies
INFO: Reserved movies data retrieved
Dec 05, 2014 3:29:44 PM com.mrm.handler.InventoryHandler getAllReservedMovies
INFO: Reserved movies data retrieved
Dec 05, 2014 3:30:36 PM com.mrm.handler.InventoryHandler getAllReservedMovies
INFO: Reserved movies data retrieved
Dec 05, 2014 4:13:57 PM com.mrm.handler.InventoryHandler getAllReservedMovies
INFO: Reserved movies data retrieved
Dec 05, 2014 4:15:11 PM com.mrm.handler.InventoryHandler getAllReservedMovies
INFO: Reserved movies data retrieved
Dec 05, 2014 6:57:43 PM com.mrm.handler.InventoryHandler getAllReservedMovies
INFO: Reserved movies data retrieved
Dec 05, 2014 7:02:42 PM com.mrm.handler.InventoryHandler getAllReservedMovies
INFO: Reserved movies data retrieved
Dec 05, 2014 7:31:32 PM com.mrm.handler.InventoryHandler getAllReservedMovies
INFO: Reserved movies data retrieved
Dec 05, 2014 8:01:06 PM com.mrm.handler.InventoryHandler getAllReservedMovies
INFO: Reserved movies data retrieved
Dec 05, 2014 8:13:13 PM com.mrm.handler.InventoryHandler getAllReservedMovies
INFO: Reserved movies data retrieved
Dec 05, 2014 8:23:42 PM com.mrm.handler.InventoryHandler getAllReservedMovies
INFO: Reserved movies data retrieved
Dec 05, 2014 8:30:21 PM com.mrm.handler.InventoryHandler getAllReservedMovies
INFO: Reserved movies data retrieved
Dec 05, 2014 9:03:23 PM com.mrm.handler.InventoryHandler getAllReservedMovies
INFO: Reserved movies data retrieved
Dec 05, 2014 11:12:16 PM com.mrm.handler.InventoryHandler getAllReservedMovies
INFO: Reserved movies data retrieved
Dec 06, 2014 12:12:26 AM com.mrm.handler.InventoryHandler getAllReservedMovies
INFO: Reserved movies data retrieved
Dec 08, 2014 6:10:43 PM com.mrm.handler.InventoryHandler getAllReservedMovies
INFO: Reserved movies data retrieved
Dec 08, 2014 6:11:19 PM com.mrm.handler.InventoryHandler getAllReservedMovies
INFO: Reserved movies data retrieved
Dec 08, 2014 6:11:39 PM com.mrm.handler.InventoryHandler getAllReservedMovies
INFO: Reserved movies data retrieved
Dec 08, 2014 6:12:27 PM com.mrm.handler.InventoryHandler getAllReservedMovies
INFO: Reserved movies data retrieved
Dec 08, 2014 6:32:28 PM com.mrm.handler.InventoryHandler getAllReservedMovies
INFO: Reserved movies data retrieved
Dec 08, 2014 6:51:10 PM com.mrm.handler.InventoryHandler getAllReservedMovies
INFO: Reserved movies data retrieved
Dec 08, 2014 8:15:12 PM com.mrm.handler.InventoryHandler getAllReservedMovies
INFO: Reserved movies data retrieved
Dec 12, 2014 1:57:54 PM com.mrm.center.ServiceProvider getAllReservedMovies
INFO: Reserved Movies retrieved
Dec 12, 2014 1:57:54 PM com.mrm.handler.InventoryHandler getAllReservedMovies
INFO: Reserved movies data retrieved
Dec 12, 2014 1:57:54 PM com.mrm.center.ServiceProvider getAllAvailableMovies
INFO: All available Movies retrieved
Dec 12, 2014 1:58:32 PM com.mrm.center.ServiceProvider getAllReservedMovies
INFO: Reserved Movies retrieved
Dec 12, 2014 1:58:32 PM com.mrm.handler.InventoryHandler getAllReservedMovies
INFO: Reserved movies data retrieved
Dec 12, 2014 1:58:32 PM com.mrm.center.ServiceProvider getAllAvailableMovies
INFO: All available Movies retrieved
